#
# There is insufficient memory for the Java Runtime Environment to continue.
# Native memory allocation (malloc) failed to allocate 1048576 bytes for AllocateHeap
# Possible reasons:
#   The system is out of physical RAM or swap space
#   The process is running with CompressedOops enabled, and the Java Heap may be blocking the growth of the native heap
# Possible solutions:
#   Reduce memory load on the system
#   Increase physical memory or swap space
#   Check if swap backing store is full
#   Decrease Java heap size (-Xmx/-Xms)
#   Decrease number of Java threads
#   Decrease Java thread stack sizes (-Xss)
#   Set larger code cache with -XX:ReservedCodeCacheSize=
#   JVM is running with Unscaled Compressed Oops mode in which the Java heap is
#     placed in the first 4GB address space. The Java Heap base address is the
#     maximum limit for the native heap growth. Please use -XX:HeapBaseMinAddress
#     to set the Java Heap base and to place the Java Heap above 4GB virtual address.
# This output file may be truncated or incomplete.
#
#  Out of Memory Error (allocation.cpp:44), pid=14108, tid=14204
#
# JRE version:  (17.0.4+8) (build )
# Java VM: OpenJDK 64-Bit Server VM (17.0.4+8, mixed mode, tiered, compressed oops, compressed class ptrs, parallel gc, windows-amd64)
# No core dump will be written. Minidumps are not enabled by default on client versions of Windows
#

---------------  S U M M A R Y ------------

Command Line: --add-modules=ALL-SYSTEM --add-opens=java.base/java.util=ALL-UNNAMED --add-opens=java.base/java.lang=ALL-UNNAMED --add-opens=java.base/sun.nio.fs=ALL-UNNAMED -Declipse.application=org.eclipse.jdt.ls.core.id1 -Dosgi.bundles.defaultStartLevel=4 -Declipse.product=org.eclipse.jdt.ls.core.product -Djava.import.generatesMetadataFilesAtProjectRoot=false -Dfile.encoding=utf8 -DwatchParentProcess=false -XX:+UseParallelGC -XX:GCTimeRatio=4 -XX:AdaptiveSizePolicyWeight=90 -Dsun.zip.disableMemoryMapping=true -Xmx1G -Xms100m -Xlog:jni+resolve=off -javaagent:c:\Users\Administrateur\.vscode\extensions\redhat.java-1.10.0-win32-x64\lombok\lombok-1.18.24.jar -XX:+HeapDumpOnOutOfMemoryError -XX:HeapDumpPath=c:\Users\Administrateur\AppData\Roaming\Code\User\workspaceStorage\03897d1568a1c9f1880f2d79de07d842\redhat.java c:\Users\Administrateur\.vscode\extensions\redhat.java-1.10.0-win32-x64\server\plugins\org.eclipse.equinox.launcher_1.6.400.v20210924-0641.jar -configuration c:\Users\Administrateur\AppData\Roaming\Code\User\globalStorage\redhat.java\1.10.0\config_win -data c:\Users\Administrateur\AppData\Roaming\Code\User\workspaceStorage\03897d1568a1c9f1880f2d79de07d842\redhat.java\jdt_ws

Host: 11th Gen Intel(R) Core(TM) i5-1135G7 @ 2.40GHz, 8 cores, 7G,  Windows 10 , 64 bit Build 19041 (10.0.19041.1889)
Time: Thu Sep 22 16:31:54 2022 Paris, Madrid (heure duild 19041 (10.0.19041.1889) elapsed time: 0.036762 seconds (0d 0h 0m 0s)

---------------  T H R E A D  ---------------

Current thread (0x000002a63d79f3f0):  JavaThread "Unknown thread" [_thread_in_vm, id=14204, stack(0x000000d84fa00000,0x000000d84fb00000)]

Stack: [0x000000d84fa00000,0x000000d84fb00000]
Native frames: (J=compiled Java code, j=interpreted, Vv=VM code, C=native code)
V  [jvm.dll+0x67733a]
V  [jvm.dll+0x8323c4]
V  [jvm.dll+0x833b6e]
V  [jvm.dll+0x8341d3]
V  [jvm.dll+0x2455e5]
V  [jvm.dll+0xa6393]
V  [jvm.dll+0x6a9996]
V  [jvm.dll+0x6aa53f]
V  [jvm.dll+0x683aa3]
V  [jvm.dll+0x80460b]
V  [jvm.dll+0x369954]
V  [jvm.dll+0x7e320c]
V  [jvm.dll+0x3ec23f]
V  [jvm.dll+0x3eddc1]
C  [jli.dll+0x5277]
C  [ucrtbase.dll+0x21bb2]
C  [KERNEL32.DLL+0x17034]
C  [ntdll.dll+0x526a1]


---------------  P R O C E S S  ---------------

Threads class SMR info:
_java_thread_list=0x00007ffb45bc4e98, length=0, elements={
}

Java Threads: ( => current thread )

Other Threads:
  0x000002a63d7b6eb0 GCTaskThread "GC Thread#0" [stack: 0x000000d84fb00000,0x000000d84fc00000] [id=8104]

=>0x000002a63d79f3f0 (exited) JavaThread "Unknown thread" [_thread_in_vm, id=14204, stack(0x000000d84fa00000,0x000000d84fb00000)]

Threads with active compile tasks:

VM state: not at safepoint (normal execution)

VM Mutex/Monitor currently owned by a thread: None

Heap address: 0x00000000c0000000, size: 1024 MB, Compressed Oops mode: 32-bit

CDS archive(s) not mapped
Compressed class space mapped at: 0x0000000100000000-0x0000000140000000, reserved size: 1073741824
Narrow klass base: 0x0000000000000000, Narrow klass shift: 3, Narrow klass range: 0x140000000

GC Precious Log:
 CPUs: 8 total, 8 available
 Memory: 7934M
 Large Page Support: Disabled
 NUMA Support: Disabled
 Compressed Oops: Enabled (32-bit)
 Alignments: Space 512K, Generation 512K, Heap 2M
 Heap Min Capacity: 100M
 Heap Initial Capacity: 100M
 Heap Max Capacity: 1G
 Pre-touch: Disabled
 Parallel Workers: 8

Heap:
 PSYoungGen      total 29696K, used 512K [0x00000000eab00000, 0x00000000ecc00000, 0x0000000100000000)
  eden space 25600K, 2% used [0x00000000eab00000,0x00000000eab80070,0x00000000ec400000)
  from space 4096K, 0% used [0x00000000ec800000,0x00000000ec800000,0x00000000ecc00000)
  to   space 4096K, 0% used [0x00000000ec400000,0x00000000ec400000,0x00000000ec800000)
 ParOldGen       total 68608K, used 0K [0x00000000c0000000, 0x00000000c4300000, 0x00000000eab00000)
  object space 68608K, 0% used [0x00000000c0000000,0x00000000c0000000,0x00000000c4300000)
 Metaspace       used 1149K, committed 1216K, reserved 1056768K
  class space    used 101K, committed 128K, reserved 1048576K

Card table byte_map: [0x000002a650e00000,0x000002a651010000] _byte_map_base: 0x000002a650800000

Marking Bits: (ParMarkBitMap*) 0x00007ffb45c32cd0
 Begin Bits: [0x000002a651170000, 0x000002a652170000)
 End Bits:   [0x000002a652170000, 0x000002a653170000)

Polling page: 0x000002a641bf0000

Metaspace:

Usage:
  Non-class:      1.02 MB used.
      Class:    101.01 KB used.
       Both:      1.12 MB used.

Virtual space:
  Non-class space:        8.00 MB reserved,       1.06 MB ( 13%) committed,  1 nodes.
      Class space:        1.00 GB reserved,     128.00 KB ( <1%) committed,  1 nodes.
             Both:        1.01 GB reserved,       1.19 MB ( <1%) committed. 

Chunk freelists:
   Non-Class:  0 bytes
       Class:  3.75 MB
        Both:  3.75 MB

MaxMetaspaceSize: unlimited
CompressedClassSpaceSize: 1.00 GB
Initial GC threshold: 21.00 MB
Current GC threshold: 17179869184.00 GB
CDS: off
MetaspaceReclaimPolicy: balanced
 - commit_granule_bytes: 65536.
 - commit_granule_words: 8192.
 - virtual_space_node_default_size: 1048576.
 - enlarge_chunks_in_place: 1.
 - new_chunks_are_fully_committed: 0.
 - uncommit_free_chunks: 1.
 - use_allocation_guard: 0.
 - handle_deallocations: 1.


Internal statistics:

num_allocs_failed_limit: 0.
num_arena_births: 2.
num_arena_deaths: 0.
num_vsnodes_births: 2.
num_vsnodes_deaths: 0.
num_space_committed: 19.
num_space_uncommitted: 0.
num_chunks_returned_to_freelist: 0.
num_chunks_taken_from_freelist: 3.
num_chunk_merges: 0.
num_chunk_splits: 1.
num_chunks_enlarged: 0.
num_purges: 0.
num_inconsistent_stats: 0.

CodeHeap 'non-profiled nmethods': size=120000Kb used=0Kb max_used=0Kb free=120000Kb
 bounds [0x000002a6496e0000, 0x000002a649950000, 0x000002a650c10000]
CodeHeap 'profiled nmethods': size=120000Kb used=0Kb max_used=0Kb free=120000Kb
 bounds [0x000002a6421b0000, 0x000002a642420000, 0x000002a6496e0000]
CodeHeap 'non-nmethods': size=5760Kb used=209Kb max_used=342Kb free=5550Kb
 bounds [0x000002a641c10000, 0x000002a641e80000, 0x000002a6421b0000]
 total_blobs=66 nmethods=0 adapters=47
 compilation: enabled
              stopped_count=0, restarted_count=0
 full_count=0

Compilation events (0 events):
No events

GC Heap History (0 events):
No events

Deoptimization events (0 events):
No events

Classes unloaded (0 events):
No events

Classes redefined (0 events):
No events

Internal exceptions (0 events):
No events

VM Operations (0 events):
No events

Events (20 events):
Event: 0.032 loading class java/lang/Long
Event: 0.032 loading class java/lang/Long done
Event: 0.032 loading class java/util/Iterator
Event: 0.032 loading class java/util/Iterator done
Event: 0.032 loading class java/lang/reflect/RecordComponent
Event: 0.032 loading class java/lang/reflect/RecordComponent done
Event: 0.032 loading class jdk/internal/vm/vector/VectorSupport
Event: 0.032 loading class jdk/internal/vm/vector/VectorSupport done
Event: 0.032 loading class jdk/internal/vm/vector/VectorSupport$VectorPayload
Event: 0.032 loading class jdk/internal/vm/vector/VectorSupport$VectorPayload done
Event: 0.032 loading class jdk/internal/vm/vector/VectorSupport$Vector
Event: 0.032 loading class jdk/internal/vm/vector/VectorSupport$Vector done
Event: 0.032 loading class jdk/internal/vm/vector/VectorSupport$VectorMask
Event: 0.032 loading class jdk/internal/vm/vector/VectorSupport$VectorMask done
Event: 0.032 loading class jdk/internal/vm/vector/VectorSupport$VectorShuffle
Event: 0.032 loading class jdk/internal/vm/vector/VectorSupport$VectorShuffle done
Event: 0.034 loading class java/lang/NullPointerException
Event: 0.034 loading class java/lang/NullPointerException done
Event: 0.034 loading class java/lang/ArithmeticException
Event: 0.034 loading class java/lang/ArithmeticException done


Dynamic libraries:
0x00007ff765310000 - 0x00007ff76531e000 	c:\Users\Administrateur\.vscode\extensions\redhat.java-1.10.0-win32-x64\jre\17.0.4-win32-x86_64\bin\java.exe
0x00007ffba8230000 - 0x00007ffba8428000 	C:\WINDOWS\SYSTEM32\ntdll.dll
0x00007ffba6b60000 - 0x00007ffba6c1d000 	C:\WINDOWS\System32\KERNEL32.DLL
0x00007ffba5c40000 - 0x00007ffba5f0e000 	C:\WINDOWS\System32\KERNELBASE.dll
0x00007ffba6050000 - 0x00007ffba6150000 	C:\WINDOWS\System32\ucrtbase.dll
0x00007ffb87e10000 - 0x00007ffb87e29000 	c:\Users\Administrateur\.vscode\extensions\redhat.java-1.10.0-win32-x64\jre\17.0.4-win32-x86_64\bin\VCRUNTIME140.dll
0x00007ffb8dd40000 - 0x00007ffb8dd58000 	c:\Users\Administrateur\.vscode\extensions\redhat.java-1.10.0-win32-x64\jre\17.0.4-win32-x86_64\bin\jli.dll
0x00007ffba68c0000 - 0x00007ffba6a60000 	C:\WINDOWS\System32\USER32.dll
0x00007ffba5950000 - 0x00007ffba5972000 	C:\WINDOWS\System32\win32u.dll
0x00007ffba6430000 - 0x00007ffba645a000 	C:\WINDOWS\System32\GDI32.dll
0x00007ffb940a0000 - 0x00007ffb9433a000 	C:\WINDOWS\WinSxS\amd64_microsoft.windows.common-controls_6595b64144ccf1df_6.0.19041.1110_none_60b5254171f9507e\COMCTL32.dll
0x00007ffba6180000 - 0x00007ffba628b000 	C:\WINDOWS\System32\gdi32full.dll
0x00007ffba6460000 - 0x00007ffba64fe000 	C:\WINDOWS\System32\msvcrt.dll
0x00007ffba59d0000 - 0x00007ffba5a6d000 	C:\WINDOWS\System32\msvcp_win.dll
0x00007ffba6a60000 - 0x00007ffba6a90000 	C:\WINDOWS\System32\IMM32.DLL
0x00007ffb8f110000 - 0x00007ffb8f11c000 	c:\Users\Administrateur\.vscode\extensions\redhat.java-1.10.0-win32-x64\jre\17.0.4-win32-x86_64\bin\vcruntime140_1.dll
0x00007ffb60e20000 - 0x00007ffb60eb1000 	c:\Users\Administrateur\.vscode\extensions\redhat.java-1.10.0-win32-x64\jre\17.0.4-win32-x86_64\bin\msvcp140.dll
0x00007ffb450b0000 - 0x00007ffb45cf6000 	c:\Users\Administrateur\.vscode\extensions\redhat.java-1.10.0-win32-x64\jre\17.0.4-win32-x86_64\bin\server\jvm.dll
0x00007ffba6a90000 - 0x00007ffba6b3e000 	C:\WINDOWS\System32\ADVAPI32.dll
0x00007ffba7320000 - 0x00007ffba73bc000 	C:\WINDOWS\System32\sechost.dll
0x00007ffba7ff0000 - 0x00007ffba8115000 	C:\WINDOWS\System32\RPCRT4.dll
0x00007ffba6b50000 - 0x00007ffba6b58000 	C:\WINDOWS\System32\PSAPI.DLL
0x00007ffb8e1b0000 - 0x00007ffb8e1b9000 	C:\WINDOWS\SYSTEM32\WSOCK32.dll
0x00007ffba7b10000 - 0x00007ffba7b7b000 	C:\WINDOWS\System32\WS2_32.dll
0x00007ffb9b310000 - 0x00007ffb9b31a000 	C:\WINDOWS\SYSTEM32\VERSION.dll
0x00007ffb85970000 - 0x00007ffb85997000 	C:\WINDOWS\SYSTEM32\WINMM.dll
0x00007ffba41d0000 - 0x00007ffba41e2000 	C:\WINDOWS\SYSTEM32\kernel.appcore.dll
0x00007ffb8dd30000 - 0x00007ffb8dd3a000 	c:\Users\Administrateur\.vscode\extensions\redhat.java-1.10.0-win32-x64\jre\17.0.4-win32-x86_64\bin\jimage.dll
0x00007ffba3750000 - 0x00007ffba3934000 	C:\WINDOWS\SYSTEM32\DBGHELP.DLL
0x00007ffb892d0000 - 0x00007ffb892fc000 	C:\WINDOWS\SYSTEM32\dbgcore.DLL
0x00007ffba5f10000 - 0x00007ffba5f92000 	C:\WINDOWS\System32\bcryptPrimitives.dll
0x00007ffb932e0000 - 0x00007ffb932ee000 	c:\Users\Administrateur\.vscode\extensions\redhat.java-1.10.0-win32-x64\jre\17.0.4-win32-x86_64\bin\instrument.dll
0x00007ffb87e50000 - 0x00007ffb87e75000 	c:\Users\Administrateur\.vscode\extensions\redhat.java-1.10.0-win32-x64\jre\17.0.4-win32-x86_64\bin\java.dll
0x00007ffb87e30000 - 0x00007ffb87e48000 	c:\Users\Administrateur\.vscode\extensions\redhat.java-1.10.0-win32-x64\jre\17.0.4-win32-x86_64\bin\zip.dll

dbghelp: loaded successfully - version: 4.0.5 - missing functions: none
symbol engine: initialized successfully - sym options: 0x614 - pdb path: .;c:\Users\Administrateur\.vscode\extensions\redhat.java-1.10.0-win32-x64\jre\17.0.4-win32-x86_64\bin;C:\WINDOWS\SYSTEM32;C:\WINDOWS\WinSxS\amd64_microsoft.windows.common-controls_6595b64144ccf1df_6.0.19041.1110_none_60b5254171f9507e;c:\Users\Administrateur\.vscode\extensions\redhat.java-1.10.0-win32-x64\jre\17.0.4-win32-x86_64\bin\server

VM Arguments:
jvm_args: --add-modules=ALL-SYSTEM --add-opens=java.base/java.util=ALL-UNNAMED --add-opens=java.base/java.lang=ALL-UNNAMED --add-opens=java.base/sun.nio.fs=ALL-UNNAMED -Declipse.application=org.eclipse.jdt.ls.core.id1 -Dosgi.bundles.defaultStartLevel=4 -Declipse.product=org.eclipse.jdt.ls.core.product -Djava.import.generatesMetadataFilesAtProjectRoot=false -Dfile.encoding=utf8 -DwatchParentProcess=false -XX:+UseParallelGC -XX:GCTimeRatio=4 -XX:AdaptiveSizePolicyWeight=90 -Dsun.zip.disableMemoryMapping=true -Xmx1G -Xms100m -Xlog:jni+resolve=off -javaagent:c:\Users\Administrateur\.vscode\extensions\redhat.java-1.10.0-win32-x64\lombok\lombok-1.18.24.jar -XX:+HeapDumpOnOutOfMemoryError -XX:HeapDumpPath=c:\Users\Administrateur\AppData\Roaming\Code\User\workspaceStorage\03897d1568a1c9f1880f2d79de07d842\redhat.java 
java_command: c:\Users\Administrateur\.vscode\extensions\redhat.java-1.10.0-win32-x64\server\plugins\org.eclipse.equinox.launcher_1.6.400.v20210924-0641.jar -configuration c:\Users\Administrateur\AppData\Roaming\Code\User\globalStorage\redhat.java\1.10.0\config_win -data c:\Users\Administrateur\AppData\Roaming\Code\User\workspaceStorage\03897d1568a1c9f1880f2d79de07d842\redhat.java\jdt_ws
java_class_path (initial): c:\Users\Administrateur\.vscode\extensions\redhat.java-1.10.0-win32-x64\server\plugins\org.eclipse.equinox.launcher_1.6.400.v20210924-0641.jar
Launcher Type: SUN_STANDARD

[Global flags]
    uintx AdaptiveSizePolicyWeight                 = 90                                        {product} {command line}
     intx CICompilerCount                          = 4                                         {product} {ergonomic}
    uintx GCTimeRatio                              = 4                                         {product} {command line}
     bool HeapDumpOnOutOfMemoryError               = true                                   {manageable} {command line}
    ccstr HeapDumpPath                             = c:\Users\Administrateur\AppData\Roaming\Code\User\workspaceStorage\03897d1568a1c9f1880f2d79de07d842\redhat.java         {manageable} {command line}
   size_t InitialHeapSize                          = 104857600                                 {product} {command line}
   size_t MaxHeapSize                              = 1073741824                                {product} {command line}
   size_t MaxNewSize                               = 357564416                                 {product} {ergonomic}
   size_t MinHeapDeltaBytes                        = 524288                                    {product} {ergonomic}
   size_t MinHeapSize                              = 104857600                                 {product} {command line}
   size_t NewSize                                  = 34603008                                  {product} {ergonomic}
    uintx NonNMethodCodeHeapSize                   = 5839372                                {pd product} {ergonomic}
    uintx NonProfiledCodeHeapSize                  = 122909434                              {pd product} {ergonomic}
   size_t OldSize                                  = 70254592                                  {product} {ergonomic}
    uintx ProfiledCodeHeapSize                     = 122909434                              {pd product} {ergonomic}
    uintx ReservedCodeCacheSize                    = 251658240                              {pd product} {ergonomic}
     bool SegmentedCodeCache                       = true                                      {product} {ergonomic}
   size_t SoftMaxHeapSize                          = 1073741824                             {manageable} {ergonomic}
     bool UseCompressedClassPointers               = true                           {product lp64_product} {ergonomic}
     bool UseCompressedOops                        = true                           {product lp64_product} {ergonomic}
     bool UseLargePagesIndividualAllocation        = false                                  {pd product} {ergonomic}
     bool UseParallelGC                            = true                                      {product} {command line}

Logging:
Log output configuration:
 #0: stdout all=warning,jni+resolve=off uptime,level,tags (reconfigured)
 #1: stderr all=off uptime,level,tags

Environment Variables:
PATH=C:\Program Files\Common Files\Oracle\Java\javapath;C:\Program Files (x86)\Common Files\Oracle\Java\javapath;C:\WINDOWS\system32;C:\WINDOWS;C:\WINDOWS\System32\Wbem;C:\WINDOWS\System32\WindowsPowerShell\v1.0\;C:\WINDOWS\System32\OpenSSH\;C:\Program Files\nodejs\;C:\Program Files\Git\cmd;C:\Users\Administrateur\AppData\Local\Microsoft\WindowsApps;;C:\Users\Administrateur\AppData\Local\Programs\Microsoft VS Code\bin;C:\Users\Administrateur\AppData\Roaming\npm
USERNAME=pret
OS=Windows_NT
PROCESSOR_IDENTIFIER=Intel64 Family 6 Model 140 Stepping 1, GenuineIntel
TMP=C:\Users\ADMINI~1\AppData\Local\Temp
TEMP=C:\Users\ADMINI~1\AppData\Local\Temp



---------------  S Y S T E M  ---------------

OS:
 Windows 10 , 64 bit Build 19041 (10.0.19041.1889)
OS uptime: 0 days 3:46 hours

CPU: total 8 (initial active 8) (4 cores per cpu, 2 threads per core) family 6 model 140 stepping 1 microcode 0x78, cx8, cmov, fxsr, ht, mmx, 3dnowpref, sse, sse2, sse3, ssse3, sse4.1, sse4.2, popcnt, lzcnt, tsc, tscinvbit, avx, avx2, aes, erms, clmul, bmi1, bmi2, adx, avx512f, avx512dq, avx512cd, avx512bw, avx512vl, sha, fma, vzeroupper, avx512_vpopcntdq, avx512_vpclmulqdq, avx512_vaes, avx512_vnni, clflush, clflushopt, clwb, avx512_vbmi2, avx512_vbmi

Memory: 4k page, system-wide physical 7934M (758M free)
TotalPageFile size 7934M (AvailPageFile size 14M)
current process WorkingSet (physical memory assigned to process): 15M, peak: 15M
current process commit charge ("private bytes"): 149M, peak: 150M

vm_info: OpenJDK 64-Bit Server VM (17.0.4+8) for windows-amd64 JRE (17.0.4+8), built on Jul 19 2022 16:05:16 by "temurin" with MS VC++ 16.7 (VS2019)

END.
